<?xml version="1.0" encoding="UTF-8"?>
<!-- Generated by org.testng.reporters.JUnitReportReporter -->
<testsuite skipped="0" hostname="DESKTOP-8I9F5N5" name="Smoke_Test.Single_Card_Creation" tests="1" failures="0" timestamp="1 Dec 2020 05:18:48 GMT" time="43.276" errors="0">
  <testcase name="Single_Card" time="43.276" classname="Smoke_Test.Single_Card_Creation"/>
</testsuite> <!-- Smoke_Test.Single_Card_Creation -->
